{"D:\\Users\\beaes\\Documents\\university\\fourthyear\\capstone\\projects\\agritrader\\src\\App.tsx": {"path":"D:\\Users\\beaes\\Documents\\university\\fourthyear\\capstone\\projects\\agritrader\\src\\App.tsx","statementMap":{"0":{"start":{"line":7,"column":0},"end":{"line":7,"column":30}},"1":{"start":{"line":8,"column":0},"end":{"line":13,"column":21}},"2":{"start":{"line":15,"column":21},"end":{"line":20,"column":2}},"3":{"start":{"line":24,"column":4},"end":{"line":36,"column":6}},"4":{"start":{"line":22,"column":0},"end":{"line":38,"column":1}},"5":{"start":{"line":40,"column":15},"end":{"line":57,"column":2}}},"fnMap":{"0":{"name":"(anonymous_0)","decl":{"start":{"line":23,"column":2},"end":{"line":23,"column":7}},"loc":{"start":{"line":23,"column":8},"end":{"line":37,"column":3}}}},"branchMap":{},"s":{"0":1,"1":1,"2":1,"3":1,"4":1,"5":1},"f":{"0":1},"b":{}}
,"D:\\Users\\beaes\\Documents\\university\\fourthyear\\capstone\\projects\\agritrader\\src\\__tests__\\App.tsx": {"path":"D:\\Users\\beaes\\Documents\\university\\fourthyear\\capstone\\projects\\agritrader\\src\\__tests__\\App.tsx","statementMap":{"0":{"start":{"line":1,"column":0},"end":{"line":1,"column":22}},"1":{"start":{"line":2,"column":0},"end":{"line":2,"column":30}},"2":{"start":{"line":3,"column":0},"end":{"line":3,"column":24}},"3":{"start":{"line":6,"column":0},"end":{"line":6,"column":47}},"4":{"start":{"line":7,"column":0},"end":{"line":11,"column":3}},"5":{"start":{"line":8,"column":15},"end":{"line":10,"column":3}}},"fnMap":{"0":{"name":"(anonymous_0)","decl":{"start":{"line":7,"column":24},"end":{"line":7,"column":26}},"loc":{"start":{"line":7,"column":29},"end":{"line":11,"column":1}}}},"branchMap":{},"s":{"0":1,"1":1,"2":1,"3":1,"4":1,"5":1},"f":{"0":1},"b":{}}
}
